./newSetup.py:2019-04-01 09:49:49.327538:Loading configuration File ...
/home/rail/github/rail/workInProgress/query.py:2019-04-01 09:49:49.418875:Generating USE query(rail_db_test) ...
/home/rail/github/rail/workInProgress/query.py:2019-04-01 09:49:49.418944:USE rail_db_test;
./newSetup.py:2019-04-01 09:49:49.419093:rail_db_test does not exist,no need to drop
/home/rail/github/rail/workInProgress/query.py:2019-04-01 09:49:49.419142:Generating CREATE query(rail_db_test) ...
/home/rail/github/rail/workInProgress/query.py:2019-04-01 09:49:49.419174:Generating CREATE query for database(rail_db_test) ...
/home/rail/github/rail/workInProgress/query.py:2019-04-01 09:49:49.419202:CREATE DATABASE `rail_db_test`;
/home/rail/github/rail/workInProgress/query.py:2019-04-01 09:49:49.419419:Generating USE query(rail_db_test) ...
/home/rail/github/rail/workInProgress/query.py:2019-04-01 09:49:49.419453:USE rail_db_test;
/home/rail/github/rail/workInProgress/query.py:2019-04-01 09:49:49.419561:Generating CREATE query(all_studs) ...
/home/rail/github/rail/workInProgress/query.py:2019-04-01 09:49:49.419594:Generating CREATE query for table(all_studs) ...
/home/rail/github/rail/workInProgress/query.py:2019-04-01 09:49:49.419642:CREATE TABLE all_studs(`slno` INT UNSIGNED NOT NULL AUTO_INCREMENT PRIMARY KEY,`rail_id` CHAR(10) NOT NULL,`student_name` VARCHAR(50) NOT NULL,`gender` CHAR(1),`date_of_birth` DATE,`time_of_joining_rail` DATETIME DEFAULT NOW(),`phone_number` VARCHAR(10) NOT NULL,`email` VARCHAR(40) NOT NULL,`associated_team` VARCHAR(20),`projects_done` INT UNSIGNED DEFAULT 0,`branch` VARCHAR(5) NOT NULL,`login_status` VARCHAR(3) DEFAULT 'NO',`component_status` VARCHAR(3) DEFAULT 'NO',`usn` CHAR(10) NOT NULL,`time_in_rail` TIME,`most_recent_login` DATETIME DEFAULT null,`current_highest_role` VARCHAR(20));
/home/rail/github/rail/workInProgress/query.py:2019-04-01 09:49:49.765726:Generating CREATE query(cur_studs) ...
/home/rail/github/rail/workInProgress/query.py:2019-04-01 09:49:49.765868:Generating CREATE query for table(cur_studs) ...
/home/rail/github/rail/workInProgress/query.py:2019-04-01 09:49:49.765999:CREATE TABLE cur_studs(`slno` INT(3) UNSIGNED NOT NULL AUTO_INCREMENT PRIMARY KEY,`rail_id` CHAR(10) NOT NULL,`student_name` VARCHAR(50) NOT NULL,`gender` CHAR(1),`date_of_birth` DATE,`time_of_joining_rail` DATETIME DEFAULT NOW(),`phone_number` VARCHAR(10) NOT NULL,`email` VARCHAR(40) NOT NULL,`associated_team` VARCHAR(20),`projects_done` INT UNSIGNED DEFAULT 0,`branch` VARCHAR(5) NOT NULL,`login_status` VARCHAR(3) DEFAULT 'NO',`component_status` VARCHAR(3) DEFAULT 'NO',`most_recent_login` DATETIME,`usn` CHAR(10) NOT NULL,`time_in_rail` VARCHAR(20),`current_highest_role` VARCHAR(20));
/home/rail/github/rail/workInProgress/query.py:2019-04-01 09:49:50.075494:Generating CREATE query(attendence) ...
/home/rail/github/rail/workInProgress/query.py:2019-04-01 09:49:50.075684:Generating CREATE query for table(attendence) ...
/home/rail/github/rail/workInProgress/query.py:2019-04-01 09:49:50.075825:CREATE TABLE attendence(`rail_id` VARCHAR(11) NOT NULL,`current_team` CHAR(1) NOT NULL,`time_in` DATETIME NOT NULL DEFAULT NOW(),`time_out` DATETIME DEFAULT null,`time_since_last_login` TIME DEFAULT null,`time_spent` TIME DEFAULT null,`purpose` VARCHAR(50) NOT NULL);
/home/rail/github/rail/workInProgress/query.py:2019-04-01 09:49:50.376898:Generating CREATE query(all_projs) ...
/home/rail/github/rail/workInProgress/query.py:2019-04-01 09:49:50.377086:Generating CREATE query for table(all_projs) ...
/home/rail/github/rail/workInProgress/query.py:2019-04-01 09:49:50.377250:CREATE TABLE all_projs(`slno` INT UNSIGNED NOT NULL AUTO_INCREMENT PRIMARY KEY,`project_name` VARCHAR(100) NOT NULL,`associated_team` CHAR(1) NOT NULL,`project_description` VARCHAR(200) NOT NULL,`number_of_members` TINYINT UNSIGNED NOT NULL,`mentor` VARCHAR(50) DEFAULT null,`team_lead` VARCHAR(50) NOT NULL,`guide` VARCHAR(50) DEFAULT null,`idea_by` VARCHAR(50) NOT NULL,`type_of_project` VARCHAR(30) NOT NULL,`expected_duration` VARCHAR(20) NOT NULL,`date_start` DATETIME NOT NULL DEFAULT NOW(),`date_end` DATETIME DEFAULT null,`status` VARCHAR(20) NOT NULL,`priority` VARCHAR(20) NOT NULL,`technology_stack` VARCHAR(50) NOT NULL);
/home/rail/github/rail/workInProgress/query.py:2019-04-01 09:49:50.644506:Generating CREATE query(cur_projs) ...
/home/rail/github/rail/workInProgress/query.py:2019-04-01 09:49:50.644624:Generating CREATE query for table(cur_projs) ...
/home/rail/github/rail/workInProgress/query.py:2019-04-01 09:49:50.644723:CREATE TABLE cur_projs(`slno` INT(4) UNSIGNED NOT NULL AUTO_INCREMENT PRIMARY KEY,`project_name` VARCHAR(100) NOT NULL,`associated_team` CHAR(1) NOT NULL,`project_description` VARCHAR(200) NOT NULL,`number_of_members` TINYINT UNSIGNED NOT NULL,`mentor` VARCHAR(50),`team_lead` VARCHAR(50) NOT NULL,`guide` VARCHAR(50),`idea_by` VARCHAR(50) NOT NULL,`type_of_project` VARCHAR(30) NOT NULL,`expected_duration` VARCHAR(20) NOT NULL,`date_start` DATETIME NOT NULL,`date_end` DATETIME,`status` VARCHAR(20) NOT NULL,`priority` VARCHAR(20) NOT NULL,`technology_stack` VARCHAR(50) NOT NULL);
/home/rail/github/rail/workInProgress/query.py:2019-04-01 09:49:50.904357:Generating CREATE query(all_teams) ...
/home/rail/github/rail/workInProgress/query.py:2019-04-01 09:49:50.904589:Generating CREATE query for table(all_teams) ...
/home/rail/github/rail/workInProgress/query.py:2019-04-01 09:49:50.904763:CREATE TABLE all_teams(`slno` INT UNSIGNED NOT NULL AUTO_INCREMENT PRIMARY KEY,`team_name` CHAR(2) NOT NULL,`associated_projects` VARCHAR(100) NOT NULL,`number_of_members` TINYINT UNSIGNED NOT NULL,`team_members` VARCHAR(50) NOT NULL,`date_of_team_creation` DATETIME DEFAULT NOW());
/home/rail/github/rail/workInProgress/query.py:2019-04-01 09:49:51.155303:Generating CREATE query(cur_teams) ...
/home/rail/github/rail/workInProgress/query.py:2019-04-01 09:49:51.155445:Generating CREATE query for table(cur_teams) ...
/home/rail/github/rail/workInProgress/query.py:2019-04-01 09:49:51.155545:CREATE TABLE cur_teams(`slno` INT(3) UNSIGNED NOT NULL AUTO_INCREMENT PRIMARY KEY,`team_name` CHAR(2) NOT NULL,`associated_projects` VARCHAR(100) NOT NULL,`number_of_members` TINYINT UNSIGNED NOT NULL,`team_members` VARCHAR(50) NOT NULL,`date_of_team_creation` DATETIME DEFAULT NOW());
/home/rail/github/rail/workInProgress/query.py:2019-04-01 09:49:51.489992:Generating CREATE query(all_admin) ...
/home/rail/github/rail/workInProgress/query.py:2019-04-01 09:49:51.490163:Generating CREATE query for table(all_admin) ...
/home/rail/github/rail/workInProgress/query.py:2019-04-01 09:49:51.490295:CREATE TABLE all_admin(`slno` INT UNSIGNED NOT NULL AUTO_INCREMENT PRIMARY KEY,`admin_name` VARCHAR(50) NOT NULL,`admin_id` VARCHAR(10) NOT NULL,`date_of_birth` DATETIME DEFAULT null,`date_of_account_creation` DATETIME NOT NULL,`phone_number` CHAR(10),`email` VARCHAR(50) NOT NULL,`password` VARCHAR(20) NOT NULL);
/home/rail/github/rail/workInProgress/query.py:2019-04-01 09:49:51.775800:Generating CREATE query(cur_admin) ...
/home/rail/github/rail/workInProgress/query.py:2019-04-01 09:49:51.775993:Generating CREATE query for table(cur_admin) ...
/home/rail/github/rail/workInProgress/query.py:2019-04-01 09:49:51.776149:CREATE TABLE cur_admin(`slno` INT(3) UNSIGNED NOT NULL AUTO_INCREMENT PRIMARY KEY,`admin_name` VARCHAR(50) NOT NULL,`admin_id` VARCHAR(10) NOT NULL,`date_of_birth` DATETIME DEFAULT null,`date_of_account_creation` DATETIME NOT NULL,`phone_number` CHAR(10),`email` VARCHAR(50) NOT NULL,`password` VARCHAR(20) NOT NULL);
/home/rail/github/rail/workInProgress/query.py:2019-04-01 09:49:52.060412:Generating CREATE query(events) ...
/home/rail/github/rail/workInProgress/query.py:2019-04-01 09:49:52.060648:Generating CREATE query for table(events) ...
/home/rail/github/rail/workInProgress/query.py:2019-04-01 09:49:52.060847:CREATE TABLE events(`slno` INT UNSIGNED NOT NULL AUTO_INCREMENT PRIMARY KEY,`rail_id` CHAR(10) NOT NULL,`time_of_event` DATETIME NOT NULL,`type` VARCHAR(30) NOT NULL,`topic` VARCHAR(70) NOT NULL,`description` VARCHAR(200) NOT NULL,`domain` VARCHAR(20) NOT NULL,`member_type` VARCHAR(30) NOT NULL,`duraiton` TIME NOT NULL,`by_who` VARCHAR(30) NOT NULL,`phone_number` CHAR(10),`email` VARCHAR(50),`number_of_attendes` INT(3) NOT NULL);
/home/rail/github/rail/workInProgress/query.py:2019-04-01 09:49:52.328120:Generating CREATE query(components) ...
/home/rail/github/rail/workInProgress/query.py:2019-04-01 09:49:52.328274:Generating CREATE query for table(components) ...
/home/rail/github/rail/workInProgress/query.py:2019-04-01 09:49:52.328393:CREATE TABLE components(`slno` INT(3) UNSIGNED NOT NULL AUTO_INCREMENT PRIMARY KEY,`component_id` CHAR(10) NOT NULL,`component_name` VARCHAR(50) NOT NULL,`date_of_procurement` DATE,`if_kit` VARCHAR(3) DEFAULT 'NO',`associated_colour` VARCHAR(20) NOT NULL,`number_of_times_issued` INT UNSIGNED DEFAULT '0',`group` VARCHAR(10) NOT NULL,`component_status` VARCHAR(3) DEFAULT 'YES',`most_recent_issue` DATETIME,`total_time_of_use` VARCHAR(20));
/home/rail/github/rail/workInProgress/query.py:2019-04-01 09:49:52.612595:Generating CREATE query(kits) ...
/home/rail/github/rail/workInProgress/query.py:2019-04-01 09:49:52.612672:Generating CREATE query for table(kits) ...
/home/rail/github/rail/workInProgress/query.py:2019-04-01 09:49:52.612718:CREATE TABLE kits(`slno` INT(3) UNSIGNED NOT NULL AUTO_INCREMENT PRIMARY KEY,`kit_id` CHAR(10) NOT NULL,`number_of_sub_compoenents` INT(3) UNSIGNED NOT NULL,`sub_compoenents` BLOB NOT NULL);
/home/rail/github/rail/workInProgress/query.py:2019-04-01 09:49:52.922184:Generating CREATE query(iss_compnts) ...
/home/rail/github/rail/workInProgress/query.py:2019-04-01 09:49:52.922274:Generating CREATE query for table(iss_compnts) ...
/home/rail/github/rail/workInProgress/query.py:2019-04-01 09:49:52.922336:CREATE TABLE iss_compnts(`slno` INT(3) UNSIGNED NOT NULL AUTO_INCREMENT PRIMARY KEY,`component_id` CHAR(10) NOT NULL,`request/return` VARCHAR(7) NOT NULL,`issued_to` VARCHAR(20) NOT NULL,`associated_team` VARCHAR(20) NOT NULL,`time_of_issue` DATETIME DEFAULT NOW(),`time_of_return` DATETIME DEFAULT NOW(),`time_of_use` VARCHAR(20),`purpose` VARCHAR(50) NOT NULL);
/home/rail/github/rail/workInProgress/query.py:2019-04-01 09:49:53.248369:Generating CREATE query(rail_donors) ...
/home/rail/github/rail/workInProgress/query.py:2019-04-01 09:49:53.248443:Generating CREATE query for table(rail_donors) ...
/home/rail/github/rail/workInProgress/query.py:2019-04-01 09:49:53.248490:CREATE TABLE rail_donors(`slno` INT(3) UNSIGNED NOT NULL AUTO_INCREMENT PRIMARY KEY,`rail_id` CHAR(10) NOT NULL,`amount` INT NOT NULL,`time` DATETIME DEFAULT NOW(),`reason` VARCHAR(20) NOT NULL);
./newSetup.py:2019-04-01 09:50:16.568260:Loading configuration File ...
/home/rail/github/rail/workInProgress/query.py:2019-04-01 09:50:16.570829:Generating USE query(rail_db_test) ...
/home/rail/github/rail/workInProgress/query.py:2019-04-01 09:50:16.570889:USE rail_db_test;
/home/rail/github/rail/workInProgress/query.py:2019-04-01 09:50:20.820534:Generating DROP query(rail_db_test) ...
/home/rail/github/rail/workInProgress/query.py:2019-04-01 09:50:20.820805:DROP DATABASE rail_db_test;
./newSetup.py:2019-04-01 09:50:23.671478:rail_db_test was dropped.
/home/rail/github/rail/workInProgress/query.py:2019-04-01 09:50:23.671710:Generating CREATE query(rail_db_test) ...
/home/rail/github/rail/workInProgress/query.py:2019-04-01 09:50:23.671815:Generating CREATE query for database(rail_db_test) ...
/home/rail/github/rail/workInProgress/query.py:2019-04-01 09:50:23.671900:CREATE DATABASE `rail_db_test`;
/home/rail/github/rail/workInProgress/query.py:2019-04-01 09:50:23.672528:Generating USE query(rail_db_test) ...
/home/rail/github/rail/workInProgress/query.py:2019-04-01 09:50:23.672657:USE rail_db_test;
/home/rail/github/rail/workInProgress/query.py:2019-04-01 09:50:23.673128:Generating CREATE query(all_studs) ...
/home/rail/github/rail/workInProgress/query.py:2019-04-01 09:50:23.673273:Generating CREATE query for table(all_studs) ...
/home/rail/github/rail/workInProgress/query.py:2019-04-01 09:50:23.673445:CREATE TABLE all_studs(`slno` INT UNSIGNED NOT NULL AUTO_INCREMENT PRIMARY KEY,`rail_id` CHAR(10) NOT NULL,`student_name` VARCHAR(50) NOT NULL,`gender` CHAR(1),`date_of_birth` DATE,`time_of_joining_rail` DATETIME DEFAULT NOW(),`phone_number` VARCHAR(10) NOT NULL,`email` VARCHAR(40) NOT NULL,`associated_team` VARCHAR(20),`projects_done` INT UNSIGNED DEFAULT 0,`branch` VARCHAR(5) NOT NULL,`login_status` VARCHAR(3) DEFAULT 'NO',`component_status` VARCHAR(3) DEFAULT 'NO',`usn` CHAR(10) NOT NULL,`time_in_rail` TIME,`most_recent_login` DATETIME DEFAULT null,`current_highest_role` VARCHAR(20));
/home/rail/github/rail/workInProgress/query.py:2019-04-01 09:50:24.081335:Generating CREATE query(cur_studs) ...
/home/rail/github/rail/workInProgress/query.py:2019-04-01 09:50:24.081476:Generating CREATE query for table(cur_studs) ...
/home/rail/github/rail/workInProgress/query.py:2019-04-01 09:50:24.081596:CREATE TABLE cur_studs(`slno` INT(3) UNSIGNED NOT NULL AUTO_INCREMENT PRIMARY KEY,`rail_id` CHAR(10) NOT NULL,`student_name` VARCHAR(50) NOT NULL,`gender` CHAR(1),`date_of_birth` DATE,`time_of_joining_rail` DATETIME DEFAULT NOW(),`phone_number` VARCHAR(10) NOT NULL,`email` VARCHAR(40) NOT NULL,`associated_team` VARCHAR(20),`projects_done` INT UNSIGNED DEFAULT 0,`branch` VARCHAR(5) NOT NULL,`login_status` VARCHAR(3) DEFAULT 'NO',`component_status` VARCHAR(3) DEFAULT 'NO',`most_recent_login` DATETIME,`usn` CHAR(10) NOT NULL,`time_in_rail` VARCHAR(20),`current_highest_role` VARCHAR(20));
/home/rail/github/rail/workInProgress/query.py:2019-04-01 09:50:24.390755:Generating CREATE query(attendence) ...
/home/rail/github/rail/workInProgress/query.py:2019-04-01 09:50:24.390864:Generating CREATE query for table(attendence) ...
/home/rail/github/rail/workInProgress/query.py:2019-04-01 09:50:24.390937:CREATE TABLE attendence(`rail_id` VARCHAR(11) NOT NULL,`current_team` CHAR(1) NOT NULL,`time_in` DATETIME NOT NULL DEFAULT NOW(),`time_out` DATETIME DEFAULT null,`time_since_last_login` TIME DEFAULT null,`time_spent` TIME DEFAULT null,`purpose` VARCHAR(50) NOT NULL);
/home/rail/github/rail/workInProgress/query.py:2019-04-01 09:50:24.758988:Generating CREATE query(all_projs) ...
/home/rail/github/rail/workInProgress/query.py:2019-04-01 09:50:24.759136:Generating CREATE query for table(all_projs) ...
/home/rail/github/rail/workInProgress/query.py:2019-04-01 09:50:24.759258:CREATE TABLE all_projs(`slno` INT UNSIGNED NOT NULL AUTO_INCREMENT PRIMARY KEY,`project_name` VARCHAR(100) NOT NULL,`associated_team` CHAR(1) NOT NULL,`project_description` VARCHAR(200) NOT NULL,`number_of_members` TINYINT UNSIGNED NOT NULL,`mentor` VARCHAR(50) DEFAULT null,`team_lead` VARCHAR(50) NOT NULL,`guide` VARCHAR(50) DEFAULT null,`idea_by` VARCHAR(50) NOT NULL,`type_of_project` VARCHAR(30) NOT NULL,`expected_duration` VARCHAR(20) NOT NULL,`date_start` DATETIME NOT NULL DEFAULT NOW(),`date_end` DATETIME DEFAULT null,`status` VARCHAR(20) NOT NULL,`priority` VARCHAR(20) NOT NULL,`technology_stack` VARCHAR(50) NOT NULL);
/home/rail/github/rail/workInProgress/query.py:2019-04-01 09:50:25.061408:Generating CREATE query(cur_projs) ...
/home/rail/github/rail/workInProgress/query.py:2019-04-01 09:50:25.061518:Generating CREATE query for table(cur_projs) ...
/home/rail/github/rail/workInProgress/query.py:2019-04-01 09:50:25.061606:CREATE TABLE cur_projs(`slno` INT(4) UNSIGNED NOT NULL AUTO_INCREMENT PRIMARY KEY,`project_name` VARCHAR(100) NOT NULL,`associated_team` CHAR(1) NOT NULL,`project_description` VARCHAR(200) NOT NULL,`number_of_members` TINYINT UNSIGNED NOT NULL,`mentor` VARCHAR(50),`team_lead` VARCHAR(50) NOT NULL,`guide` VARCHAR(50),`idea_by` VARCHAR(50) NOT NULL,`type_of_project` VARCHAR(30) NOT NULL,`expected_duration` VARCHAR(20) NOT NULL,`date_start` DATETIME NOT NULL,`date_end` DATETIME,`status` VARCHAR(20) NOT NULL,`priority` VARCHAR(20) NOT NULL,`technology_stack` VARCHAR(50) NOT NULL);
/home/rail/github/rail/workInProgress/query.py:2019-04-01 09:50:25.362606:Generating CREATE query(all_teams) ...
/home/rail/github/rail/workInProgress/query.py:2019-04-01 09:50:25.362684:Generating CREATE query for table(all_teams) ...
/home/rail/github/rail/workInProgress/query.py:2019-04-01 09:50:25.362730:CREATE TABLE all_teams(`slno` INT UNSIGNED NOT NULL AUTO_INCREMENT PRIMARY KEY,`team_name` CHAR(2) NOT NULL,`associated_projects` VARCHAR(100) NOT NULL,`number_of_members` TINYINT UNSIGNED NOT NULL,`team_members` VARCHAR(50) NOT NULL,`date_of_team_creation` DATETIME DEFAULT NOW());
/home/rail/github/rail/workInProgress/query.py:2019-04-01 09:50:25.707301:Generating CREATE query(cur_teams) ...
/home/rail/github/rail/workInProgress/query.py:2019-04-01 09:50:25.707407:Generating CREATE query for table(cur_teams) ...
/home/rail/github/rail/workInProgress/query.py:2019-04-01 09:50:25.707480:CREATE TABLE cur_teams(`slno` INT(3) UNSIGNED NOT NULL AUTO_INCREMENT PRIMARY KEY,`team_name` CHAR(2) NOT NULL,`associated_projects` VARCHAR(100) NOT NULL,`number_of_members` TINYINT UNSIGNED NOT NULL,`team_members` VARCHAR(50) NOT NULL,`date_of_team_creation` DATETIME DEFAULT NOW());
/home/rail/github/rail/workInProgress/query.py:2019-04-01 09:50:26.190639:Generating CREATE query(all_admin) ...
/home/rail/github/rail/workInProgress/query.py:2019-04-01 09:50:26.190852:Generating CREATE query for table(all_admin) ...
/home/rail/github/rail/workInProgress/query.py:2019-04-01 09:50:26.191009:CREATE TABLE all_admin(`slno` INT UNSIGNED NOT NULL AUTO_INCREMENT PRIMARY KEY,`admin_name` VARCHAR(50) NOT NULL,`admin_id` VARCHAR(10) NOT NULL,`date_of_birth` DATETIME DEFAULT null,`date_of_account_creation` DATETIME NOT NULL,`phone_number` CHAR(10),`email` VARCHAR(50) NOT NULL,`password` VARCHAR(20) NOT NULL);
/home/rail/github/rail/workInProgress/query.py:2019-04-01 09:50:26.491898:Generating CREATE query(cur_admin) ...
/home/rail/github/rail/workInProgress/query.py:2019-04-01 09:50:26.492129:Generating CREATE query for table(cur_admin) ...
/home/rail/github/rail/workInProgress/query.py:2019-04-01 09:50:26.492304:CREATE TABLE cur_admin(`slno` INT(3) UNSIGNED NOT NULL AUTO_INCREMENT PRIMARY KEY,`admin_name` VARCHAR(50) NOT NULL,`admin_id` VARCHAR(10) NOT NULL,`date_of_birth` DATETIME DEFAULT null,`date_of_account_creation` DATETIME NOT NULL,`phone_number` CHAR(10),`email` VARCHAR(50) NOT NULL,`password` VARCHAR(20) NOT NULL);
/home/rail/github/rail/workInProgress/query.py:2019-04-01 09:50:26.876517:Generating CREATE query(events) ...
/home/rail/github/rail/workInProgress/query.py:2019-04-01 09:50:26.876708:Generating CREATE query for table(events) ...
/home/rail/github/rail/workInProgress/query.py:2019-04-01 09:50:26.876866:CREATE TABLE events(`slno` INT UNSIGNED NOT NULL AUTO_INCREMENT PRIMARY KEY,`rail_id` CHAR(10) NOT NULL,`time_of_event` DATETIME NOT NULL,`type` VARCHAR(30) NOT NULL,`topic` VARCHAR(70) NOT NULL,`description` VARCHAR(200) NOT NULL,`domain` VARCHAR(20) NOT NULL,`member_type` VARCHAR(30) NOT NULL,`duraiton` TIME NOT NULL,`by_who` VARCHAR(30) NOT NULL,`phone_number` CHAR(10),`email` VARCHAR(50),`number_of_attendes` INT(3) NOT NULL);
/home/rail/github/rail/workInProgress/query.py:2019-04-01 09:50:27.327816:Generating CREATE query(components) ...
/home/rail/github/rail/workInProgress/query.py:2019-04-01 09:50:27.327978:Generating CREATE query for table(components) ...
/home/rail/github/rail/workInProgress/query.py:2019-04-01 09:50:27.328105:CREATE TABLE components(`slno` INT(3) UNSIGNED NOT NULL AUTO_INCREMENT PRIMARY KEY,`component_id` CHAR(10) NOT NULL,`component_name` VARCHAR(50) NOT NULL,`date_of_procurement` DATE,`if_kit` VARCHAR(3) DEFAULT 'NO',`associated_colour` VARCHAR(20) NOT NULL,`number_of_times_issued` INT UNSIGNED DEFAULT '0',`group` VARCHAR(10) NOT NULL,`component_status` VARCHAR(3) DEFAULT 'YES',`most_recent_issue` DATETIME,`total_time_of_use` VARCHAR(20));
/home/rail/github/rail/workInProgress/query.py:2019-04-01 09:50:27.734684:Generating CREATE query(kits) ...
/home/rail/github/rail/workInProgress/query.py:2019-04-01 09:50:27.734759:Generating CREATE query for table(kits) ...
/home/rail/github/rail/workInProgress/query.py:2019-04-01 09:50:27.734803:CREATE TABLE kits(`slno` INT(3) UNSIGNED NOT NULL AUTO_INCREMENT PRIMARY KEY,`kit_id` CHAR(10) NOT NULL,`number_of_sub_compoenents` INT(3) UNSIGNED NOT NULL,`sub_compoenents` BLOB NOT NULL);
/home/rail/github/rail/workInProgress/query.py:2019-04-01 09:50:28.081437:Generating CREATE query(iss_compnts) ...
/home/rail/github/rail/workInProgress/query.py:2019-04-01 09:50:28.081512:Generating CREATE query for table(iss_compnts) ...
/home/rail/github/rail/workInProgress/query.py:2019-04-01 09:50:28.081561:CREATE TABLE iss_compnts(`slno` INT(3) UNSIGNED NOT NULL AUTO_INCREMENT PRIMARY KEY,`component_id` CHAR(10) NOT NULL,`request/return` VARCHAR(7) NOT NULL,`issued_to` VARCHAR(20) NOT NULL,`associated_team` VARCHAR(20) NOT NULL,`time_of_issue` DATETIME DEFAULT NOW(),`time_of_return` DATETIME DEFAULT NOW(),`time_of_use` VARCHAR(20),`purpose` VARCHAR(50) NOT NULL);
/home/rail/github/rail/workInProgress/query.py:2019-04-01 09:50:28.474930:Generating CREATE query(rail_donors) ...
/home/rail/github/rail/workInProgress/query.py:2019-04-01 09:50:28.475161:Generating CREATE query for table(rail_donors) ...
/home/rail/github/rail/workInProgress/query.py:2019-04-01 09:50:28.475374:CREATE TABLE rail_donors(`slno` INT(3) UNSIGNED NOT NULL AUTO_INCREMENT PRIMARY KEY,`rail_id` CHAR(10) NOT NULL,`amount` INT NOT NULL,`time` DATETIME DEFAULT NOW(),`reason` VARCHAR(20) NOT NULL);
/home/rail/github/rail/workInProgress/query.py:2019-04-01 09:50:28.750767:Generating CREATE query(rail_expenses) ...
/home/rail/github/rail/workInProgress/query.py:2019-04-01 09:50:28.750883:Generating CREATE query for table(rail_expenses) ...
/home/rail/github/rail/workInProgress/query.py:2019-04-01 09:50:28.750964:CREATE TABLE rail_expenses(`slno` INT(3) UNSIGNED NOT NULL AUTO_INCREMENT PRIMARY KEY,`item_purchased` VARCAHR(25) NOT NULL,`date_of_purchase` DATE NOT NULL,`component_id` CHAR(10) NOT NULL,`company` VARCHAR(20),`cost` INT NOT NULL);
./newSetup.py:2019-04-01 09:52:37.075592:Loading configuration File ...
/home/rail/github/rail/workInProgress/query.py:2019-04-01 09:52:37.078031:Generating USE query(rail_db_test) ...
/home/rail/github/rail/workInProgress/query.py:2019-04-01 09:52:37.078094:USE rail_db_test;
/home/rail/github/rail/workInProgress/query.py:2019-04-01 09:52:38.236595:Generating DROP query(rail_db_test) ...
/home/rail/github/rail/workInProgress/query.py:2019-04-01 09:52:38.236864:DROP DATABASE rail_db_test;
./newSetup.py:2019-04-01 09:52:41.108823:rail_db_test was dropped.
/home/rail/github/rail/workInProgress/query.py:2019-04-01 09:52:41.109099:Generating CREATE query(rail_db_test) ...
/home/rail/github/rail/workInProgress/query.py:2019-04-01 09:52:41.109234:Generating CREATE query for database(rail_db_test) ...
/home/rail/github/rail/workInProgress/query.py:2019-04-01 09:52:41.109345:CREATE DATABASE `rail_db_test`;
/home/rail/github/rail/workInProgress/query.py:2019-04-01 09:52:41.110114:Generating USE query(rail_db_test) ...
/home/rail/github/rail/workInProgress/query.py:2019-04-01 09:52:41.110284:USE rail_db_test;
/home/rail/github/rail/workInProgress/query.py:2019-04-01 09:52:41.110831:Generating CREATE query(all_studs) ...
/home/rail/github/rail/workInProgress/query.py:2019-04-01 09:52:41.110999:Generating CREATE query for table(all_studs) ...
/home/rail/github/rail/workInProgress/query.py:2019-04-01 09:52:41.111190:CREATE TABLE all_studs(`slno` INT UNSIGNED NOT NULL AUTO_INCREMENT PRIMARY KEY,`rail_id` CHAR(10) NOT NULL,`student_name` VARCHAR(50) NOT NULL,`gender` CHAR(1),`date_of_birth` DATE,`time_of_joining_rail` DATETIME DEFAULT NOW(),`phone_number` VARCHAR(10) NOT NULL,`email` VARCHAR(40) NOT NULL,`associated_team` VARCHAR(20),`projects_done` INT UNSIGNED DEFAULT 0,`branch` VARCHAR(5) NOT NULL,`login_status` VARCHAR(3) DEFAULT 'NO',`component_status` VARCHAR(3) DEFAULT 'NO',`usn` CHAR(10) NOT NULL,`time_in_rail` TIME,`most_recent_login` DATETIME DEFAULT null,`current_highest_role` VARCHAR(20));
/home/rail/github/rail/workInProgress/query.py:2019-04-01 09:52:41.401171:Generating CREATE query(cur_studs) ...
/home/rail/github/rail/workInProgress/query.py:2019-04-01 09:52:41.401295:Generating CREATE query for table(cur_studs) ...
/home/rail/github/rail/workInProgress/query.py:2019-04-01 09:52:41.401403:CREATE TABLE cur_studs(`slno` INT(3) UNSIGNED NOT NULL AUTO_INCREMENT PRIMARY KEY,`rail_id` CHAR(10) NOT NULL,`student_name` VARCHAR(50) NOT NULL,`gender` CHAR(1),`date_of_birth` DATE,`time_of_joining_rail` DATETIME DEFAULT NOW(),`phone_number` VARCHAR(10) NOT NULL,`email` VARCHAR(40) NOT NULL,`associated_team` VARCHAR(20),`projects_done` INT UNSIGNED DEFAULT 0,`branch` VARCHAR(5) NOT NULL,`login_status` VARCHAR(3) DEFAULT 'NO',`component_status` VARCHAR(3) DEFAULT 'NO',`most_recent_login` DATETIME,`usn` CHAR(10) NOT NULL,`time_in_rail` VARCHAR(20),`current_highest_role` VARCHAR(20));
/home/rail/github/rail/workInProgress/query.py:2019-04-01 09:52:41.677735:Generating CREATE query(attendence) ...
/home/rail/github/rail/workInProgress/query.py:2019-04-01 09:52:41.677962:Generating CREATE query for table(attendence) ...
/home/rail/github/rail/workInProgress/query.py:2019-04-01 09:52:41.678138:CREATE TABLE attendence(`rail_id` VARCHAR(11) NOT NULL,`current_team` CHAR(1) NOT NULL,`time_in` DATETIME NOT NULL DEFAULT NOW(),`time_out` DATETIME DEFAULT null,`time_since_last_login` TIME DEFAULT null,`time_spent` TIME DEFAULT null,`purpose` VARCHAR(50) NOT NULL);
/home/rail/github/rail/workInProgress/query.py:2019-04-01 09:52:42.238685:Generating CREATE query(all_projs) ...
/home/rail/github/rail/workInProgress/query.py:2019-04-01 09:52:42.238878:Generating CREATE query for table(all_projs) ...
/home/rail/github/rail/workInProgress/query.py:2019-04-01 09:52:42.239050:CREATE TABLE all_projs(`slno` INT UNSIGNED NOT NULL AUTO_INCREMENT PRIMARY KEY,`project_name` VARCHAR(100) NOT NULL,`associated_team` CHAR(1) NOT NULL,`project_description` VARCHAR(200) NOT NULL,`number_of_members` TINYINT UNSIGNED NOT NULL,`mentor` VARCHAR(50) DEFAULT null,`team_lead` VARCHAR(50) NOT NULL,`guide` VARCHAR(50) DEFAULT null,`idea_by` VARCHAR(50) NOT NULL,`type_of_project` VARCHAR(30) NOT NULL,`expected_duration` VARCHAR(20) NOT NULL,`date_start` DATETIME NOT NULL DEFAULT NOW(),`date_end` DATETIME DEFAULT null,`status` VARCHAR(20) NOT NULL,`priority` VARCHAR(20) NOT NULL,`technology_stack` VARCHAR(50) NOT NULL);
/home/rail/github/rail/workInProgress/query.py:2019-04-01 09:52:42.615046:Generating CREATE query(cur_projs) ...
/home/rail/github/rail/workInProgress/query.py:2019-04-01 09:52:42.615332:Generating CREATE query for table(cur_projs) ...
/home/rail/github/rail/workInProgress/query.py:2019-04-01 09:52:42.615552:CREATE TABLE cur_projs(`slno` INT(4) UNSIGNED NOT NULL AUTO_INCREMENT PRIMARY KEY,`project_name` VARCHAR(100) NOT NULL,`associated_team` CHAR(1) NOT NULL,`project_description` VARCHAR(200) NOT NULL,`number_of_members` TINYINT UNSIGNED NOT NULL,`mentor` VARCHAR(50),`team_lead` VARCHAR(50) NOT NULL,`guide` VARCHAR(50),`idea_by` VARCHAR(50) NOT NULL,`type_of_project` VARCHAR(30) NOT NULL,`expected_duration` VARCHAR(20) NOT NULL,`date_start` DATETIME NOT NULL,`date_end` DATETIME,`status` VARCHAR(20) NOT NULL,`priority` VARCHAR(20) NOT NULL,`technology_stack` VARCHAR(50) NOT NULL);
/home/rail/github/rail/workInProgress/query.py:2019-04-01 09:52:43.041064:Generating CREATE query(all_teams) ...
/home/rail/github/rail/workInProgress/query.py:2019-04-01 09:52:43.041194:Generating CREATE query for table(all_teams) ...
/home/rail/github/rail/workInProgress/query.py:2019-04-01 09:52:43.041285:CREATE TABLE all_teams(`slno` INT UNSIGNED NOT NULL AUTO_INCREMENT PRIMARY KEY,`team_name` CHAR(2) NOT NULL,`associated_projects` VARCHAR(100) NOT NULL,`number_of_members` TINYINT UNSIGNED NOT NULL,`team_members` VARCHAR(50) NOT NULL,`date_of_team_creation` DATETIME DEFAULT NOW());
/home/rail/github/rail/workInProgress/query.py:2019-04-01 09:52:43.450994:Generating CREATE query(cur_teams) ...
/home/rail/github/rail/workInProgress/query.py:2019-04-01 09:52:43.451228:Generating CREATE query for table(cur_teams) ...
/home/rail/github/rail/workInProgress/query.py:2019-04-01 09:52:43.451449:CREATE TABLE cur_teams(`slno` INT(3) UNSIGNED NOT NULL AUTO_INCREMENT PRIMARY KEY,`team_name` CHAR(2) NOT NULL,`associated_projects` VARCHAR(100) NOT NULL,`number_of_members` TINYINT UNSIGNED NOT NULL,`team_members` VARCHAR(50) NOT NULL,`date_of_team_creation` DATETIME DEFAULT NOW());
/home/rail/github/rail/workInProgress/query.py:2019-04-01 09:52:43.827038:Generating CREATE query(all_admin) ...
/home/rail/github/rail/workInProgress/query.py:2019-04-01 09:52:43.827124:Generating CREATE query for table(all_admin) ...
/home/rail/github/rail/workInProgress/query.py:2019-04-01 09:52:43.827180:CREATE TABLE all_admin(`slno` INT UNSIGNED NOT NULL AUTO_INCREMENT PRIMARY KEY,`admin_name` VARCHAR(50) NOT NULL,`admin_id` VARCHAR(10) NOT NULL,`date_of_birth` DATETIME DEFAULT null,`date_of_account_creation` DATETIME NOT NULL,`phone_number` CHAR(10),`email` VARCHAR(50) NOT NULL,`password` VARCHAR(20) NOT NULL);
/home/rail/github/rail/workInProgress/query.py:2019-04-01 09:52:44.136515:Generating CREATE query(cur_admin) ...
/home/rail/github/rail/workInProgress/query.py:2019-04-01 09:52:44.136592:Generating CREATE query for table(cur_admin) ...
/home/rail/github/rail/workInProgress/query.py:2019-04-01 09:52:44.136641:CREATE TABLE cur_admin(`slno` INT(3) UNSIGNED NOT NULL AUTO_INCREMENT PRIMARY KEY,`admin_name` VARCHAR(50) NOT NULL,`admin_id` VARCHAR(10) NOT NULL,`date_of_birth` DATETIME DEFAULT null,`date_of_account_creation` DATETIME NOT NULL,`phone_number` CHAR(10),`email` VARCHAR(50) NOT NULL,`password` VARCHAR(20) NOT NULL);
/home/rail/github/rail/workInProgress/query.py:2019-04-01 09:52:44.480626:Generating CREATE query(events) ...
/home/rail/github/rail/workInProgress/query.py:2019-04-01 09:52:44.480704:Generating CREATE query for table(events) ...
/home/rail/github/rail/workInProgress/query.py:2019-04-01 09:52:44.480758:CREATE TABLE events(`slno` INT UNSIGNED NOT NULL AUTO_INCREMENT PRIMARY KEY,`rail_id` CHAR(10) NOT NULL,`time_of_event` DATETIME NOT NULL,`type` VARCHAR(30) NOT NULL,`topic` VARCHAR(70) NOT NULL,`description` VARCHAR(200) NOT NULL,`domain` VARCHAR(20) NOT NULL,`member_type` VARCHAR(30) NOT NULL,`duraiton` TIME NOT NULL,`by_who` VARCHAR(30) NOT NULL,`phone_number` CHAR(10),`email` VARCHAR(50),`number_of_attendes` INT(3) NOT NULL);
/home/rail/github/rail/workInProgress/query.py:2019-04-01 09:52:44.790133:Generating CREATE query(components) ...
/home/rail/github/rail/workInProgress/query.py:2019-04-01 09:52:44.790209:Generating CREATE query for table(components) ...
/home/rail/github/rail/workInProgress/query.py:2019-04-01 09:52:44.790261:CREATE TABLE components(`slno` INT(3) UNSIGNED NOT NULL AUTO_INCREMENT PRIMARY KEY,`component_id` CHAR(10) NOT NULL,`component_name` VARCHAR(50) NOT NULL,`date_of_procurement` DATE,`if_kit` VARCHAR(3) DEFAULT 'NO',`associated_colour` VARCHAR(20) NOT NULL,`number_of_times_issued` INT UNSIGNED DEFAULT '0',`group` VARCHAR(10) NOT NULL,`component_status` VARCHAR(3) DEFAULT 'YES',`most_recent_issue` DATETIME,`total_time_of_use` VARCHAR(20));
/home/rail/github/rail/workInProgress/query.py:2019-04-01 09:52:45.074700:Generating CREATE query(kits) ...
/home/rail/github/rail/workInProgress/query.py:2019-04-01 09:52:45.074816:Generating CREATE query for table(kits) ...
/home/rail/github/rail/workInProgress/query.py:2019-04-01 09:52:45.074891:CREATE TABLE kits(`slno` INT(3) UNSIGNED NOT NULL AUTO_INCREMENT PRIMARY KEY,`kit_id` CHAR(10) NOT NULL,`number_of_sub_compoenents` INT(3) UNSIGNED NOT NULL,`sub_compoenents` BLOB NOT NULL);
/home/rail/github/rail/workInProgress/query.py:2019-04-01 09:52:45.393006:Generating CREATE query(iss_compnts) ...
/home/rail/github/rail/workInProgress/query.py:2019-04-01 09:52:45.393220:Generating CREATE query for table(iss_compnts) ...
/home/rail/github/rail/workInProgress/query.py:2019-04-01 09:52:45.393385:CREATE TABLE iss_compnts(`slno` INT(3) UNSIGNED NOT NULL AUTO_INCREMENT PRIMARY KEY,`component_id` CHAR(10) NOT NULL,`request/return` VARCHAR(7) NOT NULL,`issued_to` VARCHAR(20) NOT NULL,`associated_team` VARCHAR(20) NOT NULL,`time_of_issue` DATETIME DEFAULT NOW(),`time_of_return` DATETIME DEFAULT NOW(),`time_of_use` VARCHAR(20),`purpose` VARCHAR(50) NOT NULL);
/home/rail/github/rail/workInProgress/query.py:2019-04-01 09:52:45.752793:Generating CREATE query(rail_donors) ...
/home/rail/github/rail/workInProgress/query.py:2019-04-01 09:52:45.753054:Generating CREATE query for table(rail_donors) ...
/home/rail/github/rail/workInProgress/query.py:2019-04-01 09:52:45.753230:CREATE TABLE rail_donors(`slno` INT(3) UNSIGNED NOT NULL AUTO_INCREMENT PRIMARY KEY,`rail_id` CHAR(10) NOT NULL,`amount` INT NOT NULL,`time` DATETIME DEFAULT NOW(),`reason` VARCHAR(20) NOT NULL);
/home/rail/github/rail/workInProgress/query.py:2019-04-01 09:52:46.078931:Generating CREATE query(rail_expenses) ...
/home/rail/github/rail/workInProgress/query.py:2019-04-01 09:52:46.079169:Generating CREATE query for table(rail_expenses) ...
/home/rail/github/rail/workInProgress/query.py:2019-04-01 09:52:46.079395:CREATE TABLE rail_expenses(`slno` INT(3) UNSIGNED NOT NULL AUTO_INCREMENT PRIMARY KEY,`item_purchased` VARCHAR(25) NOT NULL,`date_of_purchase` DATE NOT NULL,`component_id` CHAR(10) NOT NULL,`company` VARCHAR(20),`cost` INT NOT NULL);
./newSetup.py:2019-04-01 09:52:46.405101:All databases and tables are created
