./newSetup.py:2019-03-04 23:57:17.051023:Loading configuration File ...
./newSetup.py:2019-03-04 23:57:17.622674:Connection failed to database.
./newSetup.py:2019-03-04 23:57:17.623247:Access denied for user 'testuser'@'localhost' (using password: YES)
./newSetup.py:2019-03-04 23:57:21.977308:Loading configuration File ...
./newSetup.py:2019-03-04 23:57:21.992417:Connection failed to database.
./newSetup.py:2019-03-04 23:57:21.992676:Access denied for user 'testuser'@'localhost' (using password: YES)
./newSetup.py:2019-03-04 23:57:41.720714:Loading configuration File ...
/home/tarun/github/rail/pythonFiles/wip/query.py:2019-03-04 23:57:41.976092:Generating USE query(rail_db) ...
/home/tarun/github/rail/pythonFiles/wip/query.py:2019-03-04 23:57:41.976783:USE rail_db;
./newSetup.py:2019-03-04 23:57:42.008470:rail_db does not exist,no need to drop
/home/tarun/github/rail/pythonFiles/wip/query.py:2019-03-04 23:57:42.008756:Generating CREATE query(rail_db) ...
/home/tarun/github/rail/pythonFiles/wip/query.py:2019-03-04 23:57:42.008826:Generating CREATE query for database(rail_db) ...
/home/tarun/github/rail/pythonFiles/wip/query.py:2019-03-04 23:57:42.008888:CREATE DATABASE rail_db;
/home/tarun/github/rail/pythonFiles/wip/query.py:2019-03-04 23:57:42.099394:Generating USE query(rail_db) ...
/home/tarun/github/rail/pythonFiles/wip/query.py:2019-03-04 23:57:42.099705:USE rail_db;
/home/tarun/github/rail/pythonFiles/wip/query.py:2019-03-04 23:57:42.116050:Generating CREATE query(all_studs) ...
/home/tarun/github/rail/pythonFiles/wip/query.py:2019-03-04 23:57:42.116267:Generating CREATE query for table(all_studs) ...
/home/tarun/github/rail/pythonFiles/wip/query.py:2019-03-04 23:57:42.116436:CREATE TABLE all_studs(slno INT UNSIGNED NOT NULL AUTO_INCREMENT PRIMARY KEY,rail_id CHAR(10) NOT NULL,student_name VARCHAR(50) NOT NULL,gender CHAR(1),date_of_birth DATE,time_of_joining_rail DATETIME DEFAULT NOW(),phone_number VARCHAR(10) NOT NULL,email VARCHAR(40) NOT NULL,associated_team VARCHAR(20),projects_done INT UNSIGNED DEFAULT 0,branch VARCHAR(5) NOT NULL,login_status VARCHAR(3) DEFAULT 'NO',component_status VARCHAR(3) DEFAULT 'NO',usn CHAR(10) NOT NULL,time_in_rail TIME,current_highest_role VARCHAR(20));
/home/tarun/github/rail/pythonFiles/wip/query.py:2019-03-04 23:57:43.725456:Generating CREATE query(cur_studs) ...
/home/tarun/github/rail/pythonFiles/wip/query.py:2019-03-04 23:57:43.725861:Generating CREATE query for table(cur_studs) ...
/home/tarun/github/rail/pythonFiles/wip/query.py:2019-03-04 23:57:43.726276:CREATE TABLE cur_studs(slno INT(3) UNSIGNED NOT NULL AUTO_INCREMENT PRIMARY KEY,rail_id CHAR(10) NOT NULL,student_name VARCHAR(50) NOT NULL,gender CHAR(1),date_of_birth DATE,time_of_joining_rail DATETIME DEFAULT NOW(),phone_number VARCHAR(10) NOT NULL,email VARCHAR(40) NOT NULL,associated_team VARCHAR(20),projects_done INT UNSIGNED DEFAULT 0,branch VARCHAR(5) NOT NULL,login_status VARCHAR(3) DEFAULT 'NO',component_status VARCHAR(3) DEFAULT 'NO',most_recent_login DATETIME,usn CHAR(10) NOT NULL,time_in_rail VARCHAR(20),current_highest_role VARCHAR(20));
/home/tarun/github/rail/pythonFiles/wip/query.py:2019-03-04 23:57:44.182470:Generating CREATE query(attendence) ...
/home/tarun/github/rail/pythonFiles/wip/query.py:2019-03-04 23:57:44.182795:Generating CREATE query for table(attendence) ...
/home/tarun/github/rail/pythonFiles/wip/query.py:2019-03-04 23:57:44.183032:CREATE TABLE attendence(rail_id VARCHAR(11) NOT NULL,student_name VARCHAR(50) NOT NULL,current_team CHAR(1) NOT NULL,time_in DATETIME NOT NULL DEFAULT NOW(),time_out DATETIME DEFAULT null,time_since_last_login TIME DEFAULT null,time_spent TIME DEFAULT null,purpose VARCHAR(50) NOT NULL);
/home/tarun/github/rail/pythonFiles/wip/query.py:2019-03-04 23:57:44.695226:Generating CREATE query(all_projs) ...
/home/tarun/github/rail/pythonFiles/wip/query.py:2019-03-04 23:57:44.695379:Generating CREATE query for table(all_projs) ...
/home/tarun/github/rail/pythonFiles/wip/query.py:2019-03-04 23:57:44.695487:CREATE TABLE all_projs(slno INT UNSIGNED NOT NULL AUTO_INCREMENT PRIMARY KEY,project_name VARCHAR(100) NOT NULL,associated_team CHAR(1) NOT NULL,project_description VARCHAR(200) NOT NULL,number_of_members TINYINT UNSIGNED NOT NULL,mentor VARCHAR(50),team_lead VARCHAR(50) NOT NULL,guide VARCHAR(50),idea_by VARCHAR(50) NOT NULL,type_of_project VARCHAR(30) NOT NULL,expected_duration VARCHAR(20) NOT NULL,date_start DATETIME NOT NULL,date_end DATETIME,status VARCHAR(20) NOT NULL,priority VARCHAR(20) NOT NULL,technology_stack VARCHAR(50) NOT NULL);
/home/tarun/github/rail/pythonFiles/wip/query.py:2019-03-04 23:57:45.130238:Generating CREATE query(current_projs) ...
/home/tarun/github/rail/pythonFiles/wip/query.py:2019-03-04 23:57:45.130571:Generating CREATE query for table(current_projs) ...
/home/tarun/github/rail/pythonFiles/wip/query.py:2019-03-04 23:57:45.130694:CREATE TABLE current_projs(slno INT(4) UNSIGNED NOT NULL AUTO_INCREMENT PRIMARY KEY,project_name VARCHAR(100) NOT NULL,associated_team CHAR(1) NOT NULL,project_description VARCHAR(200) NOT NULL,number_of_members TINYINT UNSIGNED NOT NULL,mentor VARCHAR(50),team_lead VARCHAR(50) NOT NULL,guide VARCHAR(50),idea_by VARCHAR(50) NOT NULL,type_of_project VARCHAR(30) NOT NULL,expected_duration VARCHAR(20) NOT NULL,date_start DATETIME NOT NULL,date_end DATETIME,status VARCHAR(20) NOT NULL,priority VARCHAR(20) NOT NULL,technology_stack VARCHAR(50) NOT NULL);
/home/tarun/github/rail/pythonFiles/wip/query.py:2019-03-04 23:57:45.543045:Generating CREATE query(all_teams) ...
/home/tarun/github/rail/pythonFiles/wip/query.py:2019-03-04 23:57:45.543356:Generating CREATE query for table(all_teams) ...
/home/tarun/github/rail/pythonFiles/wip/query.py:2019-03-04 23:57:45.543484:CREATE TABLE all_teams(slno INT UNSIGNED NOT NULL AUTO_INCREMENT PRIMARY KEY,team_name CHAR(2) NOT NULL,associated_projects VARCHAR(100) NOT NULL,number_of_members TINYINT UNSIGNED NOT NULL,team_members VARCHAR(50) NOT NULL,date_of_team_creation DATETIME DEFAULT NOW());
/home/tarun/github/rail/pythonFiles/wip/query.py:2019-03-04 23:57:45.989247:Generating CREATE query(cur_teams) ...
/home/tarun/github/rail/pythonFiles/wip/query.py:2019-03-04 23:57:45.989563:Generating CREATE query for table(cur_teams) ...
/home/tarun/github/rail/pythonFiles/wip/query.py:2019-03-04 23:57:45.989846:CREATE TABLE cur_teams(slno INT(3) UNSIGNED NOT NULL AUTO_INCREMENT PRIMARY KEY,team_name CHAR(2) NOT NULL,associated_projects VARCHAR(100) NOT NULL,number_of_members TINYINT UNSIGNED NOT NULL,team_members VARCHAR(50) NOT NULL,date_of_team_creation DATETIME DEFAULT NOW());
/home/tarun/github/rail/pythonFiles/wip/query.py:2019-03-04 23:57:46.359058:Generating CREATE query(all_admin) ...
/home/tarun/github/rail/pythonFiles/wip/query.py:2019-03-04 23:57:46.359371:Generating CREATE query for table(all_admin) ...
/home/tarun/github/rail/pythonFiles/wip/query.py:2019-03-04 23:57:46.359603:CREATE TABLE all_admin(slno INT UNSIGNED NOT NULL AUTO_INCREMENT PRIMARY KEY,admin_name VARCHAR(50) NOT NULL,admin_id VARCHAR(10) NOT NULL,date_of_birth DATETIME DEFAULT null,date_of_account_creation DATETIME NOT NULL,phone_number CHAR(10),email VARCHAR(50) NOT NULL,password VARCHAR(20) NOT NULL);
/home/tarun/github/rail/pythonFiles/wip/query.py:2019-03-04 23:57:46.749433:Generating CREATE query(cur_admin) ...
/home/tarun/github/rail/pythonFiles/wip/query.py:2019-03-04 23:57:46.749582:Generating CREATE query for table(cur_admin) ...
/home/tarun/github/rail/pythonFiles/wip/query.py:2019-03-04 23:57:46.749676:CREATE TABLE cur_admin(slno INT(3) UNSIGNED NOT NULL AUTO_INCREMENT PRIMARY KEY,admin_name VARCHAR(50) NOT NULL,admin_id VARCHAR(10) NOT NULL,date_of_birth DATETIME DEFAULT null,date_of_account_creation DATETIME NOT NULL,phone_number CHAR(10),email VARCHAR(50) NOT NULL,password VARCHAR(20) NOT NULL);
/home/tarun/github/rail/pythonFiles/wip/query.py:2019-03-04 23:57:47.206771:Generating CREATE query(events) ...
/home/tarun/github/rail/pythonFiles/wip/query.py:2019-03-04 23:57:47.206910:Generating CREATE query for table(events) ...
/home/tarun/github/rail/pythonFiles/wip/query.py:2019-03-04 23:57:47.207007:CREATE TABLE events(slno INT UNSIGNED NOT NULL AUTO_INCREMENT PRIMARY KEY,rail_id CHAR(10) NOT NULL,time_of_event DATETIME NOT NULL,type VARCHAR(30) NOT NULL,topic VARCHAR(70) NOT NULL,description VARCHAR(200) NOT NULL,domain VARCHAR(20) NOT NULL,member_type VARCHAR(30) NOT NULL,duraiton TIME NOT NULL,by_who VARCHAR(30),number_of_attendes INT(3) NOT NULL);
./newSetup.py:2019-03-04 23:57:47.652845:All databases and tables are created
./newSetup.py:2019-03-04 23:57:47.653004:Setting index values.
./newSetup.py:2019-03-05 00:05:36.197749:Loading configuration File ...
/home/tarun/github/rail/pythonFiles/wip/query.py:2019-03-05 00:05:36.261255:Generating USE query(rail_db) ...
/home/tarun/github/rail/pythonFiles/wip/query.py:2019-03-05 00:05:36.261972:USE rail_db;
/home/tarun/github/rail/pythonFiles/wip/query.py:2019-03-05 00:05:37.799846:Generating DROP query(rail_db) ...
/home/tarun/github/rail/pythonFiles/wip/query.py:2019-03-05 00:05:37.800195:DROP DATABASE rail_db;
./newSetup.py:2019-03-05 00:05:40.934200:rail_db was dropped.
/home/tarun/github/rail/pythonFiles/wip/query.py:2019-03-05 00:05:40.934642:Generating CREATE query(rail_db) ...
/home/tarun/github/rail/pythonFiles/wip/query.py:2019-03-05 00:05:40.934879:Generating CREATE query for database(rail_db) ...
/home/tarun/github/rail/pythonFiles/wip/query.py:2019-03-05 00:05:40.935105:CREATE DATABASE rail_db;
/home/tarun/github/rail/pythonFiles/wip/query.py:2019-03-05 00:05:40.936077:Generating USE query(rail_db) ...
/home/tarun/github/rail/pythonFiles/wip/query.py:2019-03-05 00:05:40.936333:USE rail_db;
/home/tarun/github/rail/pythonFiles/wip/query.py:2019-03-05 00:05:40.950315:Generating CREATE query(all_studs) ...
/home/tarun/github/rail/pythonFiles/wip/query.py:2019-03-05 00:05:40.950643:Generating CREATE query for table(all_studs) ...
/home/tarun/github/rail/pythonFiles/wip/query.py:2019-03-05 00:05:40.950997:CREATE TABLE all_studs(slno INT UNSIGNED NOT NULL AUTO_INCREMENT PRIMARY KEY,rail_id CHAR(10) NOT NULL,student_name VARCHAR(50) NOT NULL,gender CHAR(1),date_of_birth DATE,time_of_joining_rail DATETIME DEFAULT NOW(),phone_number VARCHAR(10) NOT NULL,email VARCHAR(40) NOT NULL,associated_team VARCHAR(20),projects_done INT UNSIGNED DEFAULT 0,branch VARCHAR(5) NOT NULL,login_status VARCHAR(3) DEFAULT 'NO',component_status VARCHAR(3) DEFAULT 'NO',usn CHAR(10) NOT NULL,time_in_rail TIME,current_highest_role VARCHAR(20));
/home/tarun/github/rail/pythonFiles/wip/query.py:2019-03-05 00:05:41.321063:Generating CREATE query(cur_studs) ...
/home/tarun/github/rail/pythonFiles/wip/query.py:2019-03-05 00:05:41.321216:Generating CREATE query for table(cur_studs) ...
/home/tarun/github/rail/pythonFiles/wip/query.py:2019-03-05 00:05:41.321332:CREATE TABLE cur_studs(slno INT(3) UNSIGNED NOT NULL AUTO_INCREMENT PRIMARY KEY,rail_id CHAR(10) NOT NULL,student_name VARCHAR(50) NOT NULL,gender CHAR(1),date_of_birth DATE,time_of_joining_rail DATETIME DEFAULT NOW(),phone_number VARCHAR(10) NOT NULL,email VARCHAR(40) NOT NULL,associated_team VARCHAR(20),projects_done INT UNSIGNED DEFAULT 0,branch VARCHAR(5) NOT NULL,login_status VARCHAR(3) DEFAULT 'NO',component_status VARCHAR(3) DEFAULT 'NO',most_recent_login DATETIME,usn CHAR(10) NOT NULL,time_in_rail VARCHAR(20),current_highest_role VARCHAR(20));
/home/tarun/github/rail/pythonFiles/wip/query.py:2019-03-05 00:05:41.656240:Generating CREATE query(attendence) ...
/home/tarun/github/rail/pythonFiles/wip/query.py:2019-03-05 00:05:41.656505:Generating CREATE query for table(attendence) ...
/home/tarun/github/rail/pythonFiles/wip/query.py:2019-03-05 00:05:41.656762:CREATE TABLE attendence(rail_id VARCHAR(11) NOT NULL,student_name VARCHAR(50) NOT NULL,current_team CHAR(1) NOT NULL,time_in DATETIME NOT NULL DEFAULT NOW(),time_out DATETIME DEFAULT null,time_since_last_login TIME DEFAULT null,time_spent TIME DEFAULT null,purpose VARCHAR(50) NOT NULL);
/home/tarun/github/rail/pythonFiles/wip/query.py:2019-03-05 00:05:42.002210:Generating CREATE query(all_projs) ...
/home/tarun/github/rail/pythonFiles/wip/query.py:2019-03-05 00:05:42.002592:Generating CREATE query for table(all_projs) ...
/home/tarun/github/rail/pythonFiles/wip/query.py:2019-03-05 00:05:42.003049:CREATE TABLE all_projs(slno INT UNSIGNED NOT NULL AUTO_INCREMENT PRIMARY KEY,project_name VARCHAR(100) NOT NULL,associated_team CHAR(1) NOT NULL,project_description VARCHAR(200) NOT NULL,number_of_members TINYINT UNSIGNED NOT NULL,mentor VARCHAR(50) DEFAULT null,team_lead VARCHAR(50) NOT NULL,guide VARCHAR(50) DEFAULT null,idea_by VARCHAR(50) NOT NULL,type_of_project VARCHAR(30) NOT NULL,expected_duration VARCHAR(20) NOT NULL,date_start DATETIME NOT NULL DEFAULT NOW(),date_end DATETIME DEFAULT null,status VARCHAR(20) NOT NULL,priority VARCHAR(20) NOT NULL,technology_stack VARCHAR(50) NOT NULL);
/home/tarun/github/rail/pythonFiles/wip/query.py:2019-03-05 00:05:42.348600:Generating CREATE query(cur_projs) ...
/home/tarun/github/rail/pythonFiles/wip/query.py:2019-03-05 00:05:42.348994:Generating CREATE query for table(cur_projs) ...
/home/tarun/github/rail/pythonFiles/wip/query.py:2019-03-05 00:05:42.349398:CREATE TABLE cur_projs(slno INT(4) UNSIGNED NOT NULL AUTO_INCREMENT PRIMARY KEY,project_name VARCHAR(100) NOT NULL,associated_team CHAR(1) NOT NULL,project_description VARCHAR(200) NOT NULL,number_of_members TINYINT UNSIGNED NOT NULL,mentor VARCHAR(50),team_lead VARCHAR(50) NOT NULL,guide VARCHAR(50),idea_by VARCHAR(50) NOT NULL,type_of_project VARCHAR(30) NOT NULL,expected_duration VARCHAR(20) NOT NULL,date_start DATETIME NOT NULL,date_end DATETIME,status VARCHAR(20) NOT NULL,priority VARCHAR(20) NOT NULL,technology_stack VARCHAR(50) NOT NULL);
/home/tarun/github/rail/pythonFiles/wip/query.py:2019-03-05 00:05:42.750205:Generating CREATE query(all_teams) ...
/home/tarun/github/rail/pythonFiles/wip/query.py:2019-03-05 00:05:42.750577:Generating CREATE query for table(all_teams) ...
/home/tarun/github/rail/pythonFiles/wip/query.py:2019-03-05 00:05:42.750929:CREATE TABLE all_teams(slno INT UNSIGNED NOT NULL AUTO_INCREMENT PRIMARY KEY,team_name CHAR(2) NOT NULL,associated_projects VARCHAR(100) NOT NULL,number_of_members TINYINT UNSIGNED NOT NULL,team_members VARCHAR(50) NOT NULL,date_of_team_creation DATETIME DEFAULT NOW());
/home/tarun/github/rail/pythonFiles/wip/query.py:2019-03-05 00:05:43.174500:Generating CREATE query(cur_teams) ...
/home/tarun/github/rail/pythonFiles/wip/query.py:2019-03-05 00:05:43.174812:Generating CREATE query for table(cur_teams) ...
/home/tarun/github/rail/pythonFiles/wip/query.py:2019-03-05 00:05:43.174941:CREATE TABLE cur_teams(slno INT(3) UNSIGNED NOT NULL AUTO_INCREMENT PRIMARY KEY,team_name CHAR(2) NOT NULL,associated_projects VARCHAR(100) NOT NULL,number_of_members TINYINT UNSIGNED NOT NULL,team_members VARCHAR(50) NOT NULL,date_of_team_creation DATETIME DEFAULT NOW());
/home/tarun/github/rail/pythonFiles/wip/query.py:2019-03-05 00:05:43.622088:Generating CREATE query(all_admin) ...
/home/tarun/github/rail/pythonFiles/wip/query.py:2019-03-05 00:05:43.622238:Generating CREATE query for table(all_admin) ...
/home/tarun/github/rail/pythonFiles/wip/query.py:2019-03-05 00:05:43.622333:CREATE TABLE all_admin(slno INT UNSIGNED NOT NULL AUTO_INCREMENT PRIMARY KEY,admin_name VARCHAR(50) NOT NULL,admin_id VARCHAR(10) NOT NULL,date_of_birth DATETIME DEFAULT null,date_of_account_creation DATETIME NOT NULL,phone_number CHAR(10),email VARCHAR(50) NOT NULL,password VARCHAR(20) NOT NULL);
/home/tarun/github/rail/pythonFiles/wip/query.py:2019-03-05 00:05:44.123996:Generating CREATE query(cur_admin) ...
/home/tarun/github/rail/pythonFiles/wip/query.py:2019-03-05 00:05:44.124132:Generating CREATE query for table(cur_admin) ...
/home/tarun/github/rail/pythonFiles/wip/query.py:2019-03-05 00:05:44.124225:CREATE TABLE cur_admin(slno INT(3) UNSIGNED NOT NULL AUTO_INCREMENT PRIMARY KEY,admin_name VARCHAR(50) NOT NULL,admin_id VARCHAR(10) NOT NULL,date_of_birth DATETIME DEFAULT null,date_of_account_creation DATETIME NOT NULL,phone_number CHAR(10),email VARCHAR(50) NOT NULL,password VARCHAR(20) NOT NULL);
/home/tarun/github/rail/pythonFiles/wip/query.py:2019-03-05 00:05:44.537056:Generating CREATE query(events) ...
/home/tarun/github/rail/pythonFiles/wip/query.py:2019-03-05 00:05:44.537203:Generating CREATE query for table(events) ...
/home/tarun/github/rail/pythonFiles/wip/query.py:2019-03-05 00:05:44.537300:CREATE TABLE events(slno INT UNSIGNED NOT NULL AUTO_INCREMENT PRIMARY KEY,rail_id CHAR(10) NOT NULL,time_of_event DATETIME NOT NULL,type VARCHAR(30) NOT NULL,topic VARCHAR(70) NOT NULL,description VARCHAR(200) NOT NULL,domain VARCHAR(20) NOT NULL,member_type VARCHAR(30) NOT NULL,duraiton TIME NOT NULL,by_who VARCHAR(30),number_of_attendes INT(3) NOT NULL);
./newSetup.py:2019-03-05 00:05:44.905276:All databases and tables are created
./newSetup.py:2019-03-05 00:05:44.905455:Setting index values.
./newdatabase.py:2019-03-05 00:18:47.647649:{HEADER
./newdatabase.py:2019-03-05 00:18:47.873518:{HEADER
./newdatabase.py:2019-03-05 00:20:45.808226:{HEADER
./newdatabase.py:2019-03-05 00:20:46.182904:{HEADER
./newdatabase.py:2019-03-05 00:21:24.648972:{HEADER
./newdatabase.py:2019-03-05 00:21:32.976280:{'HEADER': {'DATABASE': 'rail_db', 'TABLE_NAME': 'cur_studs', 'REQUEST_TYPE': 'insert'}, 'DATA': {'FIELDS': {'student_name': 'Tarun', 'usn': '1SK17CS036', 'rail_id': 'RSK17CS036', 'gender': 'M', 'date_of_birth': '1999-05-01', 'phone_number': '8296177426', 'email': 'tarun@gmail.com', 'associated_team': 'A', 'branch': 'CS', 'role': 'member'}, 'SET': None, 'WHERE': None}, 'FOOTER': {'DATA ABOUT THE REQUEST': 'just a test', 'COMMENT': 'THIS IS A TEST', 'DEP': None, 'UPDATE': None}}
./newdatabase.py:2019-03-05 00:21:33.064284:Generating CREATE query(cur_studs) ...
./newdatabase.py:2019-03-05 00:21:33.064697:INSERT INTO cur_studs(student_name,usn,rail_id,gender,date_of_birth,phone_number,email,associated_team,branch,role) VALUES('Tarun','1SK17CS036','RSK17CS036','M','1999-05-01','8296177426','tarun@gmail.com','A','CS','member');
./newdatabase.py:2019-03-05 00:21:59.465699:{'HEADER': {'DATABASE': 'rail_db', 'TABLE_NAME': 'cur_studs', 'REQUEST_TYPE': 'insert'}, 'DATA': {'FIELDS': {'student_name': 'Tarun', 'usn': '1SK17CS036', 'rail_id': 'RSK17CS036', 'gender': 'M', 'date_of_birth': '1999-05-01', 'phone_number': '8296177426', 'email': 'tarun@gmail.com', 'associated_team': 'A', 'branch': 'CS', 'current_highest_role': 'member'}, 'SET': None, 'WHERE': None}, 'FOOTER': {'DATA ABOUT THE REQUEST': 'just a test', 'COMMENT': 'THIS IS A TEST', 'DEP': None, 'UPDATE': None}}
./newdatabase.py:2019-03-05 00:21:59.517136:Generating CREATE query(cur_studs) ...
./newdatabase.py:2019-03-05 00:21:59.517615:INSERT INTO cur_studs(student_name,usn,rail_id,gender,date_of_birth,phone_number,email,associated_team,branch,current_highest_role) VALUES('Tarun','1SK17CS036','RSK17CS036','M','1999-05-01','8296177426','tarun@gmail.com','A','CS','member');
./newdatabase.py:2019-03-05 00:21:59.548201:No data to update
./newdatabase.py:2019-03-05 00:28:42.034744:{'HEADER': {'DATABASE': 'rail_db', 'TABLE_NAME': 'cur_studs', 'REQUEST_TYPE': 'insert'}, 'DATA': {'FIELDS': {'student_name': 'Tarun', 'usn': '1SK17CS036', 'rail_id': 'RSK17CS036', 'gender': 'M', 'date_of_birth': '1999-05-01', 'phone_number': '8296166785', 'email': 'tarun@gmail.com', 'associated_team': 'A', 'branch': 'CS', 'current_highest_role': 'member'}, 'SET': None, 'WHERE': None}, 'FOOTER': {'DATA ABOUT THE REQUEST': 'just a test', 'COMMENT': 'THIS IS A TEST', 'DEP': None, 'UPDATE': None}}
./newdatabase.py:2019-03-05 00:28:42.123994:Generating CREATE query(cur_studs) ...
./newdatabase.py:2019-03-05 00:28:42.124405:INSERT INTO cur_studs(student_name,usn,rail_id,gender,date_of_birth,phone_number,email,associated_team,branch,current_highest_role) VALUES('Tarun','1SK17CS036','RSK17CS036','M','1999-05-01','8296166785','tarun@gmail.com','A','CS','member');
./newdatabase.py:2019-03-05 00:28:42.152337:No data to update
./newdatabase.py:2019-03-05 00:28:42.340756:{'HEADER': {'DATABASE': 'rail_db', 'TABLE_NAME': 'cur_studs', 'REQUEST_TYPE': 'insert'}, 'DATA': {'FIELDS': {'student_name': 'Prajwal', 'usn': '1SK17CS023', 'rail_id': 'RSK17CS023', 'gender': 'M', 'date_of_birth': '1999-03-03', 'phone_number': '8654955752', 'email': 'prajwal@gmail.com', 'associated_team': 'A', 'branch': 'CS', 'current_highest_role': 'team lead'}, 'SET': None, 'WHERE': None}, 'FOOTER': {'DATA ABOUT THE REQUEST': 'just a test', 'COMMENT': 'THIS IS A TEST', 'DEP': None, 'UPDATE': None}}
./newdatabase.py:2019-03-05 00:28:42.375795:Generating CREATE query(cur_studs) ...
./newdatabase.py:2019-03-05 00:28:42.376084:INSERT INTO cur_studs(student_name,usn,rail_id,gender,date_of_birth,phone_number,email,associated_team,branch,current_highest_role) VALUES('Prajwal','1SK17CS023','RSK17CS023','M','1999-03-03','8654955752','prajwal@gmail.com','A','CS','team lead');
./newdatabase.py:2019-03-05 00:28:42.395290:No data to update
./newSetup.py:2019-03-05 14:22:02.793677:Loading configuration File ...
/home/rail/github/railBackEnd/pythonFiles/wip/query.py:2019-03-05 14:22:03.166411:Generating USE query(rail_db) ...
/home/rail/github/railBackEnd/pythonFiles/wip/query.py:2019-03-05 14:22:03.166572:USE rail_db;
./newSetup.py:2019-03-05 14:22:03.182516:rail_db does not exist,no need to drop
/home/rail/github/railBackEnd/pythonFiles/wip/query.py:2019-03-05 14:22:03.182687:Generating CREATE query(rail_db) ...
/home/rail/github/railBackEnd/pythonFiles/wip/query.py:2019-03-05 14:22:03.182794:Generating CREATE query for database(rail_db) ...
/home/rail/github/railBackEnd/pythonFiles/wip/query.py:2019-03-05 14:22:03.182869:CREATE DATABASE rail_db;
/home/rail/github/railBackEnd/pythonFiles/wip/query.py:2019-03-05 14:22:03.219449:Generating USE query(rail_db) ...
/home/rail/github/railBackEnd/pythonFiles/wip/query.py:2019-03-05 14:22:03.219670:USE rail_db;
/home/rail/github/railBackEnd/pythonFiles/wip/query.py:2019-03-05 14:22:03.220337:Generating CREATE query(all_studs) ...
/home/rail/github/railBackEnd/pythonFiles/wip/query.py:2019-03-05 14:22:03.220508:Generating CREATE query for table(all_studs) ...
/home/rail/github/railBackEnd/pythonFiles/wip/query.py:2019-03-05 14:22:03.220710:CREATE TABLE all_studs(slno INT UNSIGNED NOT NULL AUTO_INCREMENT PRIMARY KEY,rail_id CHAR(10) NOT NULL,student_name VARCHAR(50) NOT NULL,gender CHAR(1),date_of_birth DATE,time_of_joining_rail DATETIME DEFAULT NOW(),phone_number VARCHAR(10) NOT NULL,email VARCHAR(40) NOT NULL,associated_team VARCHAR(20),projects_done INT UNSIGNED DEFAULT 0,branch VARCHAR(5) NOT NULL,login_status VARCHAR(3) DEFAULT 'NO',component_status VARCHAR(3) DEFAULT 'NO',usn CHAR(10) NOT NULL,time_in_rail TIME,current_highest_role VARCHAR(20));
/home/rail/github/railBackEnd/pythonFiles/wip/query.py:2019-03-05 14:22:03.858415:Generating CREATE query(cur_studs) ...
/home/rail/github/railBackEnd/pythonFiles/wip/query.py:2019-03-05 14:22:03.858584:Generating CREATE query for table(cur_studs) ...
/home/rail/github/railBackEnd/pythonFiles/wip/query.py:2019-03-05 14:22:03.858729:CREATE TABLE cur_studs(slno INT(3) UNSIGNED NOT NULL AUTO_INCREMENT PRIMARY KEY,rail_id CHAR(10) NOT NULL,student_name VARCHAR(50) NOT NULL,gender CHAR(1),date_of_birth DATE,time_of_joining_rail DATETIME DEFAULT NOW(),phone_number VARCHAR(10) NOT NULL,email VARCHAR(40) NOT NULL,associated_team VARCHAR(20),projects_done INT UNSIGNED DEFAULT 0,branch VARCHAR(5) NOT NULL,login_status VARCHAR(3) DEFAULT 'NO',component_status VARCHAR(3) DEFAULT 'NO',most_recent_login DATETIME,usn CHAR(10) NOT NULL,time_in_rail VARCHAR(20),current_highest_role VARCHAR(20));
/home/rail/github/railBackEnd/pythonFiles/wip/query.py:2019-03-05 14:22:04.126248:Generating CREATE query(attendence) ...
/home/rail/github/railBackEnd/pythonFiles/wip/query.py:2019-03-05 14:22:04.126413:Generating CREATE query for table(attendence) ...
/home/rail/github/railBackEnd/pythonFiles/wip/query.py:2019-03-05 14:22:04.126533:CREATE TABLE attendence(rail_id VARCHAR(11) NOT NULL,student_name VARCHAR(50) NOT NULL,current_team CHAR(1) NOT NULL,time_in DATETIME NOT NULL DEFAULT NOW(),time_out DATETIME DEFAULT null,time_since_last_login TIME DEFAULT null,time_spent TIME DEFAULT null,purpose VARCHAR(50) NOT NULL);
/home/rail/github/railBackEnd/pythonFiles/wip/query.py:2019-03-05 14:22:04.460866:Generating CREATE query(all_projs) ...
/home/rail/github/railBackEnd/pythonFiles/wip/query.py:2019-03-05 14:22:04.461040:Generating CREATE query for table(all_projs) ...
/home/rail/github/railBackEnd/pythonFiles/wip/query.py:2019-03-05 14:22:04.461174:CREATE TABLE all_projs(slno INT UNSIGNED NOT NULL AUTO_INCREMENT PRIMARY KEY,project_name VARCHAR(100) NOT NULL,associated_team CHAR(1) NOT NULL,project_description VARCHAR(200) NOT NULL,number_of_members TINYINT UNSIGNED NOT NULL,mentor VARCHAR(50) DEFAULT null,team_lead VARCHAR(50) NOT NULL,guide VARCHAR(50) DEFAULT null,idea_by VARCHAR(50) NOT NULL,type_of_project VARCHAR(30) NOT NULL,expected_duration VARCHAR(20) NOT NULL,date_start DATETIME NOT NULL DEFAULT NOW(),date_end DATETIME DEFAULT null,status VARCHAR(20) NOT NULL,priority VARCHAR(20) NOT NULL,technology_stack VARCHAR(50) NOT NULL);
/home/rail/github/railBackEnd/pythonFiles/wip/query.py:2019-03-05 14:22:04.762057:Generating CREATE query(cur_projs) ...
/home/rail/github/railBackEnd/pythonFiles/wip/query.py:2019-03-05 14:22:04.762154:Generating CREATE query for table(cur_projs) ...
/home/rail/github/railBackEnd/pythonFiles/wip/query.py:2019-03-05 14:22:04.762229:CREATE TABLE cur_projs(slno INT(4) UNSIGNED NOT NULL AUTO_INCREMENT PRIMARY KEY,project_name VARCHAR(100) NOT NULL,associated_team CHAR(1) NOT NULL,project_description VARCHAR(200) NOT NULL,number_of_members TINYINT UNSIGNED NOT NULL,mentor VARCHAR(50),team_lead VARCHAR(50) NOT NULL,guide VARCHAR(50),idea_by VARCHAR(50) NOT NULL,type_of_project VARCHAR(30) NOT NULL,expected_duration VARCHAR(20) NOT NULL,date_start DATETIME NOT NULL,date_end DATETIME,status VARCHAR(20) NOT NULL,priority VARCHAR(20) NOT NULL,technology_stack VARCHAR(50) NOT NULL);
/home/rail/github/railBackEnd/pythonFiles/wip/query.py:2019-03-05 14:22:05.064391:Generating CREATE query(all_teams) ...
/home/rail/github/railBackEnd/pythonFiles/wip/query.py:2019-03-05 14:22:05.064478:Generating CREATE query for table(all_teams) ...
/home/rail/github/railBackEnd/pythonFiles/wip/query.py:2019-03-05 14:22:05.064529:CREATE TABLE all_teams(slno INT UNSIGNED NOT NULL AUTO_INCREMENT PRIMARY KEY,team_name CHAR(2) NOT NULL,associated_projects VARCHAR(100) NOT NULL,number_of_members TINYINT UNSIGNED NOT NULL,team_members VARCHAR(50) NOT NULL,date_of_team_creation DATETIME DEFAULT NOW());
/home/rail/github/railBackEnd/pythonFiles/wip/query.py:2019-03-05 14:22:05.348985:Generating CREATE query(cur_teams) ...
/home/rail/github/railBackEnd/pythonFiles/wip/query.py:2019-03-05 14:22:05.349062:Generating CREATE query for table(cur_teams) ...
/home/rail/github/railBackEnd/pythonFiles/wip/query.py:2019-03-05 14:22:05.349126:CREATE TABLE cur_teams(slno INT(3) UNSIGNED NOT NULL AUTO_INCREMENT PRIMARY KEY,team_name CHAR(2) NOT NULL,associated_projects VARCHAR(100) NOT NULL,number_of_members TINYINT UNSIGNED NOT NULL,team_members VARCHAR(50) NOT NULL,date_of_team_creation DATETIME DEFAULT NOW());
/home/rail/github/railBackEnd/pythonFiles/wip/query.py:2019-03-05 14:22:05.725405:Generating CREATE query(all_admin) ...
/home/rail/github/railBackEnd/pythonFiles/wip/query.py:2019-03-05 14:22:05.725490:Generating CREATE query for table(all_admin) ...
/home/rail/github/railBackEnd/pythonFiles/wip/query.py:2019-03-05 14:22:05.725543:CREATE TABLE all_admin(slno INT UNSIGNED NOT NULL AUTO_INCREMENT PRIMARY KEY,admin_name VARCHAR(50) NOT NULL,admin_id VARCHAR(10) NOT NULL,date_of_birth DATETIME DEFAULT null,date_of_account_creation DATETIME NOT NULL,phone_number CHAR(10),email VARCHAR(50) NOT NULL,password VARCHAR(20) NOT NULL);
/home/rail/github/railBackEnd/pythonFiles/wip/query.py:2019-03-05 14:22:05.993326:Generating CREATE query(cur_admin) ...
/home/rail/github/railBackEnd/pythonFiles/wip/query.py:2019-03-05 14:22:05.993410:Generating CREATE query for table(cur_admin) ...
/home/rail/github/railBackEnd/pythonFiles/wip/query.py:2019-03-05 14:22:05.993463:CREATE TABLE cur_admin(slno INT(3) UNSIGNED NOT NULL AUTO_INCREMENT PRIMARY KEY,admin_name VARCHAR(50) NOT NULL,admin_id VARCHAR(10) NOT NULL,date_of_birth DATETIME DEFAULT null,date_of_account_creation DATETIME NOT NULL,phone_number CHAR(10),email VARCHAR(50) NOT NULL,password VARCHAR(20) NOT NULL);
/home/rail/github/railBackEnd/pythonFiles/wip/query.py:2019-03-05 14:22:06.294570:Generating CREATE query(events) ...
/home/rail/github/railBackEnd/pythonFiles/wip/query.py:2019-03-05 14:22:06.294689:Generating CREATE query for table(events) ...
/home/rail/github/railBackEnd/pythonFiles/wip/query.py:2019-03-05 14:22:06.294795:CREATE TABLE events(slno INT UNSIGNED NOT NULL AUTO_INCREMENT PRIMARY KEY,rail_id CHAR(10) NOT NULL,time_of_event DATETIME NOT NULL,type VARCHAR(30) NOT NULL,topic VARCHAR(70) NOT NULL,description VARCHAR(200) NOT NULL,domain VARCHAR(20) NOT NULL,member_type VARCHAR(30) NOT NULL,duraiton TIME NOT NULL,by_who VARCHAR(30),number_of_attendes INT(3) NOT NULL);
./newSetup.py:2019-03-05 14:22:06.620812:All databases and tables are created
./newSetup.py:2019-03-05 14:22:06.620904:Setting index values.
